生成启动时间为 2020/9/20 15:48:06。
     1>项目“D:\C++\MyProjects\人工智能\8puzzle'guang\8puzzle'guang\8puzzle'guang.vcxproj”在节点 2 上(build 个目标)。
     1>InitializeBuildStatus:
         正在创建“Debug\8puzzle'guang.unsuccessfulbuild”，因为已指定“AlwaysCreate”。
       ClCompile:
         D:\C++\VC\bin\CL.exe /c /ZI /nologo /W3 /WX- /Od /Oy- /D WIN32 /D _DEBUG /D _CONSOLE /D _UNICODE /D UNICODE /Gm /EHsc /RTC1 /MDd /GS /fp:precise /Zc:wchar_t /Zc:forScope /Fo"Debug\\" /Fd"Debug\vc100.pdb" /Gd /TC /analyze- /errorReport:prompt "..\..\8puzzle'guang\8puzzle'guang\guang.c"
         guang.c
     1>d:\c++\myprojects\人工智能\8puzzle'guang\8puzzle'guang\guang.c(17): warning C4996: 'scanf': This function or variable may be unsafe. Consider using scanf_s instead. To disable deprecation, use _CRT_SECURE_NO_WARNINGS. See online help for details.
                 d:\c++\vc\include\stdio.h(304) : 参见“scanf”的声明
     1>d:\c++\myprojects\人工智能\8puzzle'guang\8puzzle'guang\guang.c(22): warning C4996: 'scanf': This function or variable may be unsafe. Consider using scanf_s instead. To disable deprecation, use _CRT_SECURE_NO_WARNINGS. See online help for details.
                 d:\c++\vc\include\stdio.h(304) : 参见“scanf”的声明
     1>d:\c++\myprojects\人工智能\8puzzle'guang\8puzzle'guang\guang.c(33): warning C4715: “loction”: 不是所有的控件路径都返回值
       ManifestResourceCompile:
         所有输出均为最新。
       Link:
         D:\C++\VC\bin\link.exe /ERRORREPORT:PROMPT /OUT:"D:\C++\MyProjects\人工智能\8puzzle'guang\Debug\8puzzle'guang.exe" /INCREMENTAL /NOLOGO kernel32.lib user32.lib gdi32.lib winspool.lib comdlg32.lib advapi32.lib shell32.lib ole32.lib oleaut32.lib uuid.lib odbc32.lib odbccp32.lib /MANIFEST /ManifestFile:"Debug\8puzzle'guang.exe.intermediate.manifest" /MANIFESTUAC:"level='asInvoker' uiAccess='false'" /DEBUG /PDB:"D:\C++\MyProjects\人工智能\8puzzle'guang\Debug\8puzzle'guang.pdb" /SUBSYSTEM:CONSOLE /TLBID:1 /DYNAMICBASE /NXCOMPAT /IMPLIB:"D:\C++\MyProjects\人工智能\8puzzle'guang\Debug\8puzzle'guang.lib" /MACHINE:X86 "Debug\8puzzle'guang.exe.embed.manifest.res"
         Debug\guang.obj
       Manifest:
         C:\Program Files (x86)\Microsoft SDKs\Windows\v7.0A\bin\mt.exe /nologo /verbose /out:"Debug\8puzzle'guang.exe.embed.manifest" /manifest "Debug\8puzzle'guang.exe.intermediate.manifest"
         所有输出均为最新。
       LinkEmbedManifest:
         所有输出均为最新。
         8puzzle'guang.vcxproj -> D:\C++\MyProjects\人工智能\8puzzle'guang\Debug\8puzzle'guang.exe
       FinalizeBuildStatus:
         正在删除文件“Debug\8puzzle'guang.unsuccessfulbuild”。
         正在对“Debug\8puzzle'guang.lastbuildstate”执行 Touch 任务。
     1>已完成生成项目“D:\C++\MyProjects\人工智能\8puzzle'guang\8puzzle'guang\8puzzle'guang.vcxproj”(build 个目标)的操作。

生成成功。

已用时间 00:00:00.52
