生成启动时间为 2020/9/27 14:37:38。
     1>项目“D:\C++\MyProjects\人工智能\8puzzle'shen\8puzzle'shen\8puzzle'shen.vcxproj”在节点 2 上(build 个目标)。
     1>InitializeBuildStatus:
         正在对“Debug\8puzzle'shen.unsuccessfulbuild”执行 Touch 任务。
       ClCompile:
         D:\C++\VC\bin\CL.exe /c /ZI /nologo /W3 /WX- /Od /Oy- /D WIN32 /D _DEBUG /D _CONSOLE /D _UNICODE /D UNICODE /Gm /EHsc /RTC1 /MDd /GS /fp:precise /Zc:wchar_t /Zc:forScope /Fo"Debug\\" /Fd"Debug\vc100.pdb" /Gd /TP /analyze- /errorReport:prompt "..\..\8puzzle'shen\8puzzle'shen\Deep.cpp" "..\..\8puzzle'shen\8puzzle'shen\Test.cpp"
         Test.cpp
         正在生成代码...
         正在编译...
         Deep.cpp
         正在生成代码...
       ManifestResourceCompile:
         所有输出均为最新。
       Link:
         D:\C++\VC\bin\link.exe /ERRORREPORT:PROMPT /OUT:"D:\C++\MyProjects\人工智能\8puzzle'shen\Debug\8puzzle'shen.exe" /INCREMENTAL /NOLOGO kernel32.lib user32.lib gdi32.lib winspool.lib comdlg32.lib advapi32.lib shell32.lib ole32.lib oleaut32.lib uuid.lib odbc32.lib odbccp32.lib /MANIFEST /ManifestFile:"Debug\8puzzle'shen.exe.intermediate.manifest" /MANIFESTUAC:"level='asInvoker' uiAccess='false'" /DEBUG /PDB:"D:\C++\MyProjects\人工智能\8puzzle'shen\Debug\8puzzle'shen.pdb" /SUBSYSTEM:CONSOLE /TLBID:1 /DYNAMICBASE /NXCOMPAT /IMPLIB:"D:\C++\MyProjects\人工智能\8puzzle'shen\Debug\8puzzle'shen.lib" /MACHINE:X86 "Debug\8puzzle'shen.exe.embed.manifest.res"
         Debug\Deep.obj
         Debug\Test.obj
       Manifest:
         C:\Program Files (x86)\Microsoft SDKs\Windows\v7.0A\bin\mt.exe /nologo /verbose /out:"Debug\8puzzle'shen.exe.embed.manifest" /manifest "Debug\8puzzle'shen.exe.intermediate.manifest"
         所有输出均为最新。
       LinkEmbedManifest:
         所有输出均为最新。
         8puzzle'shen.vcxproj -> D:\C++\MyProjects\人工智能\8puzzle'shen\Debug\8puzzle'shen.exe
       FinalizeBuildStatus:
         正在删除文件“Debug\8puzzle'shen.unsuccessfulbuild”。
         正在对“Debug\8puzzle'shen.lastbuildstate”执行 Touch 任务。
     1>已完成生成项目“D:\C++\MyProjects\人工智能\8puzzle'shen\8puzzle'shen\8puzzle'shen.vcxproj”(build 个目标)的操作。

生成成功。

已用时间 00:00:01.29
